#
# There is insufficient memory for the Java Runtime Environment to continue.
# Native memory allocation (malloc) failed to allocate 1048576 bytes for AllocateHeap
# Possible reasons:
#   The system is out of physical RAM or swap space
#   In 32 bit mode, the process size limit was hit
# Possible solutions:
#   Reduce memory load on the system
#   Increase physical memory or swap space
#   Check if swap backing store is full
#   Use 64 bit Java on a 64 bit OS
#   Decrease Java heap size (-Xmx/-Xms)
#   Decrease number of Java threads
#   Decrease Java thread stack sizes (-Xss)
#   Set larger code cache with -XX:ReservedCodeCacheSize=
# This output file may be truncated or incomplete.
#
#  Out of Memory Error (memory/allocation.inline.hpp:61), pid=36776, tid=0x00000000000016b4
#
# JRE version:  (8.0_191-b12) (build )
# Java VM: Java HotSpot(TM) 64-Bit Server VM (25.191-b12 mixed mode windows-amd64 compressed oops)
# Failed to write core dump. Minidumps are not enabled by default on client versions of Windows
#

---------------  T H R E A D  ---------------

Current thread (0x000000000309e000):  JavaThread "Unknown thread" [_thread_in_vm, id=5812, stack(0x0000000002f30000,0x0000000003030000)]

Stack: [0x0000000002f30000,0x0000000003030000]
[error occurred during error reporting (printing stack bounds), id 0xc0000005]

Native frames: (J=compiled Java code, j=interpreted, Vv=VM code, C=native code)


---------------  P R O C E S S  ---------------

Java Threads: ( => current thread )

Other Threads:

=>0x000000000309e000 (exited) JavaThread "Unknown thread" [_thread_in_vm, id=5812, stack(0x0000000002f30000,0x0000000003030000)]

VM state:not at safepoint (normal execution)

VM Mutex/Monitor currently owned by a thread: None

Heap:
 PSYoungGen      total 38400K, used 665K [0x00000000d5c00000, 0x00000000d8680000, 0x0000000100000000)
  eden space 33280K, 2% used [0x00000000d5c00000,0x00000000d5ca6670,0x00000000d7c80000)
  from space 5120K, 0% used [0x00000000d8180000,0x00000000d8180000,0x00000000d8680000)
  to   space 5120K, 0% used [0x00000000d7c80000,0x00000000d7c80000,0x00000000d8180000)
 ParOldGen       total 87552K, used 0K [0x0000000081400000, 0x0000000086980000, 0x00000000d5c00000)
  object space 87552K, 0% used [0x0000000081400000,0x0000000081400000,0x0000000086980000)
 Metaspace       used 751K, capacity 4480K, committed 4480K, reserved 1056768K
  class space    used 76K, capacity 384K, committed 384K, reserved 1048576K

Card table byte_map: [0x0000000012560000,0x0000000012960000] byte_map_base: 0x0000000012156000

Marking Bits: (ParMarkBitMap*) 0x0000000059103e30
 Begin Bits: [0x0000000013410000, 0x00000000153c0000)
 End Bits:   [0x00000000153c0000, 0x0000000017370000)

Polling page: 0x0000000000d50000

CodeCache: size=245760Kb used=328Kb max_used=328Kb free=245431Kb
 bounds [0x00000000031a0000, 0x0000000003410000, 0x00000000121a0000]
 total_blobs=58 nmethods=0 adapters=38
 compilation: enabled

Compilation events (0 events):
No events

GC Heap History (0 events):
No events

Deoptimization events (0 events):
No events

Classes redefined (0 events):
No events

Internal exceptions (0 events):
No events

Events (10 events):
Event: 0.039 loading class java/lang/Short
Event: 0.039 loading class java/lang/Short done
Event: 0.039 loading class java/lang/Integer
Event: 0.039 loading class java/lang/Integer done
Event: 0.039 loading class java/lang/Long
Event: 0.039 loading class java/lang/Long done
Event: 0.040 loading class java/lang/NullPointerException
Event: 0.040 loading class java/lang/NullPointerException done
Event: 0.040 loading class java/lang/ArithmeticException
Event: 0.040 loading class java/lang/ArithmeticException done


Dynamic libraries:
0x00007ff788560000 - 0x00007ff788597000 	D:\jre1.8.0_191\bin\javaw.exe
0x00007ffd10ad0000 - 0x00007ffd10cb1000 	C:\WINDOWS\SYSTEM32\ntdll.dll
0x00007ffd0e8a0000 - 0x00007ffd0e951000 	C:\WINDOWS\System32\KERNEL32.DLL
0x00007ffd0da00000 - 0x00007ffd0dc73000 	C:\WINDOWS\System32\KERNELBASE.dll
0x00007ffd10930000 - 0x00007ffd109d1000 	C:\WINDOWS\System32\ADVAPI32.dll
0x00007ffd0df60000 - 0x00007ffd0dffe000 	C:\WINDOWS\System32\msvcrt.dll
0x00007ffd0e960000 - 0x00007ffd0e9bb000 	C:\WINDOWS\System32\sechost.dll
0x00007ffd10720000 - 0x00007ffd10844000 	C:\WINDOWS\System32\RPCRT4.dll
0x00007ffd0e5e0000 - 0x00007ffd0e770000 	C:\WINDOWS\System32\USER32.dll
0x00007ffd0d0d0000 - 0x00007ffd0d0f0000 	C:\WINDOWS\System32\win32u.dll
0x00007ffd0e000000 - 0x00007ffd0e028000 	C:\WINDOWS\System32\GDI32.dll
0x00007ffd0d860000 - 0x00007ffd0d9f2000 	C:\WINDOWS\System32\gdi32full.dll
0x00007ffd0dec0000 - 0x00007ffd0df5f000 	C:\WINDOWS\System32\msvcp_win.dll
0x00007ffd0cea0000 - 0x00007ffd0cf98000 	C:\WINDOWS\System32\ucrtbase.dll
0x00007ffcffdb0000 - 0x00007ffd00019000 	C:\WINDOWS\WinSxS\amd64_microsoft.windows.common-controls_6595b64144ccf1df_6.0.17134.765_none_fb42a1a930655896\COMCTL32.dll
0x00007ffd10370000 - 0x00007ffd10692000 	C:\WINDOWS\System32\combase.dll
0x00007ffd0d050000 - 0x00007ffd0d0ca000 	C:\WINDOWS\System32\bcryptPrimitives.dll
0x00007ffd0e9c0000 - 0x00007ffd0e9ed000 	C:\WINDOWS\System32\IMM32.DLL
0x0000000058630000 - 0x0000000058702000 	D:\jre1.8.0_191\bin\msvcr100.dll
0x00000000588e0000 - 0x0000000059184000 	D:\jre1.8.0_191\bin\server\jvm.dll
0x00007ffd10850000 - 0x00007ffd10858000 	C:\WINDOWS\System32\PSAPI.DLL
0x00007ffd072e0000 - 0x00007ffd07303000 	C:\WINDOWS\SYSTEM32\WINMM.dll
0x00007ffcf6b80000 - 0x00007ffcf6b89000 	C:\WINDOWS\SYSTEM32\WSOCK32.dll
0x00007ffd05f30000 - 0x00007ffd05f3a000 	C:\WINDOWS\SYSTEM32\VERSION.dll
0x00007ffd0ee20000 - 0x00007ffd0ee8c000 	C:\WINDOWS\System32\WS2_32.dll
0x00007ffd072b0000 - 0x00007ffd072da000 	C:\WINDOWS\SYSTEM32\WINMMBASE.dll
0x00007ffd0dc80000 - 0x00007ffd0dcc9000 	C:\WINDOWS\System32\cfgmgr32.dll
0x00000000587f0000 - 0x00000000587ff000 	D:\jre1.8.0_191\bin\verify.dll
0x00000000587c0000 - 0x00000000587e9000 	D:\jre1.8.0_191\bin\java.dll
0x00000000587a0000 - 0x00000000587b6000 	D:\jre1.8.0_191\bin\zip.dll

VM Arguments:
jvm_args: -Dfile.encoding=MS949 
java_command: MainUI
java_class_path (initial): D:\eclipse-workspace\JDBCTest\bin
Launcher Type: SUN_STANDARD

Environment Variables:
JAVA_HOME=D:\jdk1.8.0_191
PATH=D:/jre1.8.0_191/bin/server;D:/jre1.8.0_191/bin;D:/jre1.8.0_191/lib/amd64;C:\Program Files (x86)\Common Files\Oracle\Java\javapath;C:\Program Files (x86)\Intel\iCLS Client\;C:\Program Files\Intel\iCLS Client\;C:\windows\system32;C:\windows;C:\windows\System32\Wbem;C:\windows\System32\WindowsPowerShell\v1.0\;C:\Program Files (x86)\NVIDIA Corporation\PhysX\Common;C:\WINDOWS\system32;C:\WINDOWS;C:\WINDOWS\System32\Wbem;C:\WINDOWS\System32\WindowsPowerShell\v1.0\;C:\WINDOWS\System32\OpenSSH\;C:\Program Files (x86)\Intel\Intel(R) Management Engine Components\DAL;C:\Program Files\Intel\Intel(R) Management Engine Components\DAL;C:\Program Files (x86)\Intel\Intel(R) Management Engine Components\IPT;C:\Program Files\Intel\Intel(R) Management Engine Components\IPT;C:\Program Files\MATLAB\R2017b\runtime\win64;C:\Program Files\MATLAB\R2017b\bin;C:\Program Files\PuTTY\;D:\android_projects\java\jdk1.8.0_121\bin;D:\jdk1.8.0_191\bin\;D:\jdk1.8.0_191\lib\mysql-connector-java-8.0.11.jar ;C:\WINDOWS\system32;
USERNAME=juhong
OS=Windows_NT
PROCESSOR_IDENTIFIER=Intel64 Family 6 Model 142 Stepping 10, GenuineIntel



---------------  S Y S T E M  ---------------

OS: Windows 10.0 , 64 bit Build 17134 (10.0.17134.753)

CPU:total 8 (initial active 8) (4 cores per cpu, 2 threads per core) family 6 model 142 stepping 10, cmov, cx8, fxsr, mmx, sse, sse2, sse3, ssse3, sse4.1, sse4.2, popcnt, avx, avx2, aes, clmul, erms, 3dnowpref, lzcnt, ht, tsc, tscinvbit, bmi1, bmi2, adx

Memory: 4k page, physical 8301920k(3272980k free), swap 33467744k(5228k free)

vm_info: Java HotSpot(TM) 64-Bit Server VM (25.191-b12) for windows-amd64 JRE (1.8.0_191-b12), built on Oct  6 2018 09:29:03 by "java_re" with MS VC++ 10.0 (VS2010)

time: Tue Jun 11 01:39:40 2019
elapsed time: 0 seconds (0d 0h 0m 0s)

